<?xml version="1.0" encoding="UTF-8"?>
<!-- Generated by org.testng.reporters.JUnitReportReporter -->
<testsuite hostname="Abhishek" failures="0" tests="6" name="api.tests.DataDrivenTests" time="9.335" errors="0" timestamp="2024-01-27T23:40:02 IST" skipped="0">
  <testcase classname="api.tests.DataDrivenTests" name="testPostUser" time="1.200"/>
  <system-out/>
  <testcase classname="api.tests.DataDrivenTests" name="testPostUser" time="1.532"/>
  <system-out/>
  <testcase classname="api.tests.DataDrivenTests" name="testPostUser" time="1.187"/>
  <system-out/>
  <testcase classname="api.tests.DataDrivenTests" name="testDeleteUserByName" time="1.255"/>
  <system-out/>
  <testcase classname="api.tests.DataDrivenTests" name="testDeleteUserByName" time="1.254"/>
  <system-out/>
  <testcase classname="api.tests.DataDrivenTests" name="testDeleteUserByName" time="2.907"/>
  <system-out/>
</testsuite> <!-- api.tests.DataDrivenTests -->
