<?xml version="1.0" encoding="UTF-8"?>
<!-- Generated by org.testng.reporters.JUnitReportReporter -->
<testsuite hostname="Abhishek" failures="0" tests="4" name="api.tests.UserTests" time="8.418" errors="0" timestamp="2024-01-28T00:20:55 IST" skipped="0">
  <testcase classname="api.tests.UserTests" name="testPostUser" time="3.151"/>
  <system-out/>
  <testcase classname="api.tests.UserTests" name="testGetUserByName" time="1.396"/>
  <system-out/>
  <testcase classname="api.tests.UserTests" name="testUpdateUserByName" time="2.684"/>
  <system-out/>
  <testcase classname="api.tests.UserTests" name="testDeleteUserByName" time="1.187"/>
  <system-out/>
</testsuite> <!-- api.tests.UserTests -->
