<?xml version="1.0" encoding="UTF-8"?>
<!-- Generated by org.testng.reporters.JUnitReportReporter -->
<testsuite hostname="Abhishek" failures="0" tests="4" name="api.tests.UserTests2" time="8.164" errors="0" timestamp="2024-01-28T00:41:43 IST" skipped="0">
  <testcase classname="api.tests.UserTests2" name="testPostUser" time="3.349"/>
  <system-out/>
  <testcase classname="api.tests.UserTests2" name="testGetUserByName" time="1.230"/>
  <system-out/>
  <testcase classname="api.tests.UserTests2" name="testUpdateUserByName" time="2.376"/>
  <system-out/>
  <testcase classname="api.tests.UserTests2" name="testDeleteUserByName" time="1.209"/>
  <system-out/>
</testsuite> <!-- api.tests.UserTests2 -->
