<?xml version="1.0" encoding="UTF-8"?>
<!-- Generated by org.testng.reporters.JUnitReportReporter -->
<testsuite hostname="Abhishek" failures="0" tests="4" name="api.tests.UserTests2" time="9.228" errors="0" timestamp="2024-01-28T01:14:44 IST" skipped="0">
  <testcase classname="api.tests.UserTests2" name="testPostUser" time="4.467"/>
  <system-out/>
  <testcase classname="api.tests.UserTests2" name="testGetUserByName" time="1.222"/>
  <system-out/>
  <testcase classname="api.tests.UserTests2" name="testUpdateUserByName" time="2.357"/>
  <system-out/>
  <testcase classname="api.tests.UserTests2" name="testDeleteUserByName" time="1.182"/>
  <system-out/>
</testsuite> <!-- api.tests.UserTests2 -->
